<?xml version="1.0" encoding="utf-8"?><testsuites name="pytest tests"><testsuite name="pytest" errors="0" failures="0" skipped="2" tests="239" time="3.912" timestamp="2026-04-29T12:08:45.974215+09:00" hostname="koyamasounoMacBook-Pro.local"><testcase classname="tests.test_answer_policy" name="test_answer_schema_validation" time="0.000" /><testcase classname="tests.test_answer_policy" name="test_answer_schema_no_speculation" time="0.000" /><testcase classname="tests.test_citation_metadata" name="test_paragraph_boundaries_granmare_style_article4" time="0.000" /><testcase classname="tests.test_citation_metadata" name="test_chunk_maps_to_second_paragraph" time="0.000" /><testcase classname="tests.test_citation_metadata" name="test_parse_article_seq_from_heading" time="0.000" /><testcase classname="tests.test_citation_metadata" name="test_split_preliminary_has_multiple_blocks" time="0.000" /><testcase classname="tests.test_clarification_numeric_reply" name="test_resolve_numeric_second_choice" time="0.000" /><testcase classname="tests.test_clarification_numeric_reply" name="test_resolve_numeric_fullwidth_digit" time="0.000" /><testcase classname="tests.test_clarification_numeric_reply" name="test_resolve_numeric_no_prior_returns_none" time="0.000" /><testcase classname="tests.test_clarification_numeric_reply" name="test_clarification_numeric_queries_fallback_when_fewer_examples" time="0.000" /><testcase classname="tests.test_clarification_numeric_reply" name="test_electric_short_then_digit_two_hit" time="0.003" /><testcase classname="tests.test_contract_clause_question_coverage" name="test_fixture_lists_all_twelve_clauses" time="0.000" /><testcase classname="tests.test_contract_clause_question_coverage" name="test_each_question_expected_snippets_exist_in_contract[clause_01_water_excess]" time="0.000" /><testcase classname="tests.test_contract_clause_question_coverage" name="test_each_question_expected_snippets_exist_in_contract[clause_02_transfer_fees]" time="0.004" /><testcase classname="tests.test_contract_clause_question_coverage" name="test_each_question_expected_snippets_exist_in_contract[clause_03_key_loss]" time="0.000" /><testcase classname="tests.test_contract_clause_question_coverage" name="test_each_question_expected_snippets_exist_in_contract[clause_04_early_termination_penalty]" time="0.000" /><testcase classname="tests.test_contract_clause_question_coverage" name="test_each_question_expected_snippets_exist_in_contract[clause_05_minor_repairs]" time="0.000" /><testcase classname="tests.test_contract_clause_question_coverage" name="test_each_question_expected_snippets_exist_in_contract[clause_06_moveout_cleaning]" time="0.000" /><testcase classname="tests.test_contract_clause_question_coverage" name="test_each_question_expected_snippets_exist_in_contract[clause_07_brokerage_fee_refund]" time="0.000" /><testcase classname="tests.test_contract_clause_question_coverage" name="test_each_question_expected_snippets_exist_in_contract[clause_08_certificate_fee]" time="0.000" /><testcase classname="tests.test_contract_clause_question_coverage" name="test_each_question_expected_snippets_exist_in_contract[clause_09_fire_insurance]" time="0.000" /><testcase classname="tests.test_contract_clause_question_coverage" name="test_each_question_expected_snippets_exist_in_contract[clause_10_internet]" time="0.000" /><testcase classname="tests.test_contract_clause_question_coverage" name="test_each_question_expected_snippets_exist_in_contract[clause_11_single_occupancy]" time="0.000" /><testcase classname="tests.test_contract_clause_question_coverage" name="test_each_question_expected_snippets_exist_in_contract[clause_12_no_smoking]" time="0.000" /><testcase classname="tests.test_contract_clause_question_coverage" name="test_questions_are_non_empty_contract_style" time="0.000" /><testcase classname="tests.test_contract_query_router" name="test_is_contract_source_question[\u5951\u7d04\u66f4\u65b0\u3057\u305f\u3044\u3067\u3059-False]" time="0.000" /><testcase classname="tests.test_contract_query_router" name="test_is_contract_source_question[\u5951\u7d04\u89e3\u9664\u306e\u624b\u7d9a\u304d\u3092\u6559\u3048\u3066\u304f\u3060\u3055\u3044-False]" time="0.000" /><testcase classname="tests.test_contract_query_router" name="test_is_contract_source_question[\u5951\u7d04\u66f8\u3092\u9001\u3063\u3066\u304f\u3060\u3055\u3044-False]" time="0.000" /><testcase classname="tests.test_contract_query_router" name="test_is_contract_source_question[\u672c\u6587\u7b2c4\u6761\u3067\u306f\u8cc3\u6599\u306f\u3069\u3046\u66f8\u304b\u308c\u3066\u3044\u307e\u3059\u304b-True]" time="0.000" /><testcase classname="tests.test_contract_query_router" name="test_is_contract_source_question[\u5951\u7d04\u66f8\u306e\u7279\u7d04\u2463\u306e\u77ed\u671f\u89e3\u7d04\u9055\u7d04\u91d1\u306f\uff1f-True]" time="0.000" /><testcase classname="tests.test_contract_query_router" name="test_is_contract_source_question[\u982d\u66f8\uff082\uff09\u306e\u5951\u7d04\u671f\u9593\u306f\u3044\u3064\u304b\u3089\u3044\u3064\u307e\u3067\u3067\u3059\u304b-True]" time="0.000" /><testcase classname="tests.test_contract_query_router" name="test_is_contract_source_question[\u539f\u72b6\u56de\u5fa9\u306e\u5225\u8868\uff08\u5e8a\uff09\u306e\u8ca0\u62c5\u533a\u5206\u3092\u6559\u3048\u3066\u304f\u3060\u3055\u3044-True]" time="0.000" /><testcase classname="tests.test_contract_query_router" name="test_is_contract_source_question[\u5225\u8868\u306b\u30a8\u30a2\u30b3\u30f3\u306f\u3069\u3046\u66f8\u3044\u3066\u3042\u308a\u307e\u3059\u304b-True]" time="0.000" /><testcase classname="tests.test_contract_query_router" name="test_is_contract_source_question[\u5951\u7d04\u66f8\u672c\u6587\u306e\u7981\u6b62\u4e8b\u9805\u306f\u4f55\u3067\u3059\u304b-True]" time="0.000" /><testcase classname="tests.test_contract_query_router" name="test_is_contract_source_question[\u5951\u7d04\u66f8\u306e\u982d\u66f8\uff083\uff09\u3067\u306f\u5bb6\u8cc3\u306f\u3044\u304f\u3089\u3068\u8a18\u8f09\u3055\u308c\u3066\u3044\u307e\u3059\u304b-True]" time="0.000" /><testcase classname="tests.test_contract_query_router" name="test_is_contract_source_question[\u9000\u53bb\u6642\u30af\u30ea\u30fc\u30cb\u30f3\u30b0\u8cbb\u7528\u306e\u8868\u3067\u306f1R\u306e\u91d1\u984d\u306f\u3069\u306e\u3088\u3046\u306b\u8a18\u8f09\u3055\u308c\u3066\u3044\u307e\u3059\u304b-True]" time="0.000" /><testcase classname="tests.test_contract_query_router" name="test_is_contract_source_question[\u4f8b\u5916\u7279\u7d04\u306e\u30bf\u30d0\u30b3\u30fb\u30da\u30c3\u30c8\u306e\u8868\u3067\u306f\u4f55\u3068\u5b9a\u3081\u3089\u308c\u3066\u3044\u307e\u3059\u304b-True]" time="0.000" /><testcase classname="tests.test_contract_query_router" name="test_is_contract_source_question[\u8a2d\u5099\u306e\u7d4c\u904e\u5e74\u6570\u3068\u8ca0\u62c5\u5272\u5408\u306e\u8a18\u8f09\u3067\u306f\u8010\u7528\u5e74\u6570\u306b\u3064\u3044\u3066\u4f55\u3068\u66f8\u3044\u3066\u3042\u308a\u307e\u3059\u304b-True]" time="0.000" /><testcase classname="tests.test_contract_query_router" name="test_is_contract_source_question[\u91cd\u8981\u4e8b\u9805\u8aac\u660e\u66f8\u306e3\u756a\u3067\u306f\u5bb6\u8cc3\u3084\u5171\u76ca\u8cbb\u306f\u3044\u304f\u3089\u3068\u8a18\u8f09\u3055\u308c\u3066\u3044\u307e\u3059\u304b-True]" time="0.000" /><testcase classname="tests.test_contract_query_router" name="test_is_contract_source_question[\u91cd\u8981\u4e8b\u9805\u8aac\u660e\u66f8\u306b\u62b5\u5f53\u6a29\u306e\u88dc\u8db3\u8aac\u660e\u306f\u3069\u3046\u66f8\u3044\u3066\u3042\u308a\u307e\u3059\u304b-True]" time="0.000" /><testcase classname="tests.test_contract_query_router" name="test_is_contract_source_question[\u5b85\u5efa\u306e\u91cd\u8981\u4e8b\u9805\u3067\u66f4\u65b0\u6599\u306f\u4f55\u30f6\u6708\u5206\u3068\u8a18\u8f09\u3055\u308c\u3066\u3044\u307e\u3059\u304b-True]" time="0.000" /><testcase classname="tests.test_contract_query_router" name="test_is_contract_source_question[\u91cd\u8aac\u306e16\u756a\u306e\u5229\u7528\u5236\u9650\u306f\u3069\u3046\u66f8\u3044\u3066\u3042\u308a\u307e\u3059\u304b-True]" time="0.000" /><testcase classname="tests.test_contract_query_router" name="test_is_contract_source_question[\u8cc3\u8cb8\u501f\u306e\u76ee\u7684\u7269\u306e\u6240\u5728\u5730\u306f\u982d\u66f8\u306b\u3069\u306e\u3088\u3046\u306b\u8a18\u8f09\u3055\u308c\u3066\u3044\u307e\u3059\u304b-True]" time="0.000" /><testcase classname="tests.test_contract_query_router" name="test_is_contract_source_question[\u76ee\u7684\u7269\u306e\u7bc4\u56f2\u306f\u5951\u7d04\u66f8\u306e\u5225\u8868\u306b\u3069\u3046\u66f8\u3044\u3066\u3042\u308a\u307e\u3059\u304b-True]" time="0.000" /><testcase classname="tests.test_contract_query_router" name="test_is_contract_source_question[\u5951\u7d04\u306e\u66f4\u65b0\u3060\u3051\u3057\u305f\u3044\u3067\u3059-False]" time="0.000" /><testcase classname="tests.test_contract_query_router" name="test_extract_contract_article_index" time="0.000" /><testcase classname="tests.test_contract_query_router" name="test_extract_important_matters_section_id" time="0.000" /><testcase classname="tests.test_contract_query_router" name="test_is_important_matters_question_flood" time="0.000" /><testcase classname="tests.test_contract_query_router" name="test_prefers_contract_when_honbun_article" time="0.000" /><testcase classname="tests.test_contract_query_router" name="test_prefers_not_contract_when_only_hazard" time="0.000" /><testcase classname="tests.test_contract_rag_b2_format" name="test_uses_master_pdf_docs_true_when_pdf" time="0.000" /><testcase classname="tests.test_contract_rag_b2_format" name="test_uses_master_pdf_docs_false_kb_only" time="0.000" /><testcase classname="tests.test_contract_rag_b2_format" name="test_build_source_reference_includes_filename_and_page" time="0.000" /><testcase classname="tests.test_contract_rag_b2_format" name="test_build_source_reference_article_paragraph_when_confident" time="0.000" /><testcase classname="tests.test_contract_rag_b2_format" name="test_build_source_reference_no_fake_article_from_preamble_label" time="0.000" /><testcase classname="tests.test_contract_rag_b2_format" name="test_build_source_reference_legacy_article_number_string" time="0.000" /><testcase classname="tests.test_contract_rag_b2_format" name="test_build_source_reference_important_matters_section" time="0.000" /><testcase classname="tests.test_contract_rag_b2_format" name="test_render_b2_includes_four_blocks_and_management" time="0.000" /><testcase classname="tests.test_contract_rag_b2_format" name="test_format_b2_falls_back_summary_from_items" time="0.000" /><testcase classname="tests.test_contract_rag_b2_format" name="test_low_relevance_style_answer_not_four_block" time="0.000" /><testcase classname="tests.test_contract_source_not_found" name="test_contract_source_not_found_answer_shape" time="0.000" /><testcase classname="tests.test_csv_loader" name="test_faq_csv_with_special_characters" time="0.001" /><testcase classname="tests.test_document_txt_splitters" name="test_split_important_matters_section_12_contains_hazard_table" time="0.001" /><testcase classname="tests.test_document_txt_splitters" name="test_retrieval_boost_article_order" time="0.000" /><testcase classname="tests.test_eval_baseline" name="test_eval_results_exist" time="0.000"><skipped type="pytest.skip" message="Evaluation results not found. Run 'python scripts/run_eval.py' first.">/Users/skoyama/Project/RAG_20260116/Assignment 3 - Solutions/rental_rag_poc/tests/test_eval_baseline.py:14: Evaluation results not found. Run 'python scripts/run_eval.py' first.</skipped></testcase><testcase classname="tests.test_eval_baseline" name="test_eval_questions_exist" time="0.000" /><testcase classname="tests.test_failure_backlog" name="test_merge_failure_tags_adds_wrong_intent" time="0.000" /><testcase classname="tests.test_failure_backlog" name="test_priority_p0_auto_escalation" time="0.000" /><testcase classname="tests.test_failure_backlog" name="test_priority_p2_forced_leg_no_wrong_p0" time="0.000" /><testcase classname="tests.test_failure_backlog" name="test_build_backlog_root_cause_auto_escalation" time="0.000" /><testcase classname="tests.test_failure_backlog" name="test_build_backlog_forced_leg_knowledge" time="0.000" /><testcase classname="tests.test_failure_backlog" name="test_cli_writes_jsonl" time="0.001" /><testcase classname="tests.test_failure_patterns" name="test_match_tier_code_table_matches_metrics" time="0.000" /><testcase classname="tests.test_failure_patterns" name="test_semantic_neighbor_hit" time="0.000" /><testcase classname="tests.test_failure_patterns" name="test_compute_rag_aggregate_health_gates" time="0.000" /><testcase classname="tests.test_failure_patterns" name="test_infer_failure_bucket_fallback" time="0.000" /><testcase classname="tests.test_failure_patterns" name="test_hits_at_k_top3_not_top1" time="0.000" /><testcase classname="tests.test_failure_patterns" name="test_faq_keyword_restoration_beats_termination_for_restoration_question" time="0.000" /><testcase classname="tests.test_failure_patterns" name="test_faq_keyword_renewal_row_exists" time="0.000" /><testcase classname="tests.test_failure_patterns" name="test_analyze_failure_patterns_script" time="0.038" /><testcase classname="tests.test_failure_patterns" name="test_analyze_failure_patterns_preserves_custom_failure_tags" time="0.034" /><testcase classname="tests.test_granmare_contract_all_article_cases" name="test_fixture_has_expected_case_count" time="0.000" /><testcase classname="tests.test_granmare_contract_all_article_cases" name="test_fixture_has_eval_defaults" time="0.000" /><testcase classname="tests.test_granmare_contract_all_article_cases" name="test_question_snippets_exist_in_contract[tosho_1_mokutekibutsu]" time="0.000" /><testcase classname="tests.test_granmare_contract_all_article_cases" name="test_question_snippets_exist_in_contract[tosho_2_keiyakukikan]" time="0.000" /><testcase classname="tests.test_granmare_contract_all_article_cases" name="test_question_snippets_exist_in_contract[tosho_3_chinryo_hiyo]" time="0.000" /><testcase classname="tests.test_granmare_contract_all_article_cases" name="test_question_snippets_exist_in_contract[gensho_yuka]" time="0.000" /><testcase classname="tests.test_granmare_contract_all_article_cases" name="test_question_snippets_exist_in_contract[gensho_kabe_tenjo]" time="0.000" /><testcase classname="tests.test_granmare_contract_all_article_cases" name="test_question_snippets_exist_in_contract[gensho_kenzu_setubi]" time="0.000" /><testcase classname="tests.test_granmare_contract_all_article_cases" name="test_question_snippets_exist_in_contract[reikai_bubetsu]" time="0.000" /><testcase classname="tests.test_granmare_contract_all_article_cases" name="test_question_snippets_exist_in_contract[reikai_tabako_pet]" time="0.000" /><testcase classname="tests.test_granmare_contract_all_article_cases" name="test_question_snippets_exist_in_contract[taikyo_cleaning_hiyo]" time="0.000" /><testcase classname="tests.test_granmare_contract_all_article_cases" name="test_question_snippets_exist_in_contract[setsubi_nenchu_keisan]" time="0.000" /><testcase classname="tests.test_granmare_contract_all_article_cases" name="test_question_snippets_exist_in_contract[tokuyaku_01]" time="0.000" /><testcase classname="tests.test_granmare_contract_all_article_cases" name="test_question_snippets_exist_in_contract[tokuyaku_02]" time="0.000" /><testcase classname="tests.test_granmare_contract_all_article_cases" name="test_question_snippets_exist_in_contract[tokuyaku_03]" time="0.000" /><testcase classname="tests.test_granmare_contract_all_article_cases" name="test_question_snippets_exist_in_contract[tokuyaku_04]" time="0.000" /><testcase classname="tests.test_granmare_contract_all_article_cases" name="test_question_snippets_exist_in_contract[tokuyaku_05]" time="0.000" /><testcase classname="tests.test_granmare_contract_all_article_cases" name="test_question_snippets_exist_in_contract[tokuyaku_06]" time="0.000" /><testcase classname="tests.test_granmare_contract_all_article_cases" name="test_question_snippets_exist_in_contract[tokuyaku_07]" time="0.000" /><testcase classname="tests.test_granmare_contract_all_article_cases" name="test_question_snippets_exist_in_contract[tokuyaku_08]" time="0.000" /><testcase classname="tests.test_granmare_contract_all_article_cases" name="test_question_snippets_exist_in_contract[tokuyaku_09]" time="0.000" /><testcase classname="tests.test_granmare_contract_all_article_cases" name="test_question_snippets_exist_in_contract[tokuyaku_10]" time="0.000" /><testcase classname="tests.test_granmare_contract_all_article_cases" name="test_question_snippets_exist_in_contract[tokuyaku_11]" time="0.000" /><testcase classname="tests.test_granmare_contract_all_article_cases" name="test_question_snippets_exist_in_contract[tokuyaku_12]" time="0.000" /><testcase classname="tests.test_granmare_contract_all_article_cases" name="test_question_snippets_exist_in_contract[honbun_article_01]" time="0.000" /><testcase classname="tests.test_granmare_contract_all_article_cases" name="test_question_snippets_exist_in_contract[honbun_article_02]" time="0.000" /><testcase classname="tests.test_granmare_contract_all_article_cases" name="test_question_snippets_exist_in_contract[honbun_article_03]" time="0.000" /><testcase classname="tests.test_granmare_contract_all_article_cases" name="test_question_snippets_exist_in_contract[honbun_article_04]" time="0.000" /><testcase classname="tests.test_granmare_contract_all_article_cases" name="test_question_snippets_exist_in_contract[honbun_article_05]" time="0.000" /><testcase classname="tests.test_granmare_contract_all_article_cases" name="test_question_snippets_exist_in_contract[honbun_article_06]" time="0.000" /><testcase classname="tests.test_granmare_contract_all_article_cases" name="test_question_snippets_exist_in_contract[honbun_article_07]" time="0.000" /><testcase classname="tests.test_granmare_contract_all_article_cases" name="test_question_snippets_exist_in_contract[honbun_article_08]" time="0.000" /><testcase classname="tests.test_granmare_contract_all_article_cases" name="test_question_snippets_exist_in_contract[honbun_article_09]" time="0.000" /><testcase classname="tests.test_granmare_contract_all_article_cases" name="test_question_snippets_exist_in_contract[honbun_article_10]" time="0.000" /><testcase classname="tests.test_granmare_contract_all_article_cases" name="test_question_snippets_exist_in_contract[honbun_article_11]" time="0.000" /><testcase classname="tests.test_granmare_contract_all_article_cases" name="test_question_snippets_exist_in_contract[honbun_article_12]" time="0.000" /><testcase classname="tests.test_granmare_contract_all_article_cases" name="test_question_snippets_exist_in_contract[honbun_article_13]" time="0.000" /><testcase classname="tests.test_granmare_contract_all_article_cases" name="test_question_snippets_exist_in_contract[honbun_article_14]" time="0.000" /><testcase classname="tests.test_granmare_contract_all_article_cases" name="test_question_snippets_exist_in_contract[honbun_article_15]" time="0.000" /><testcase classname="tests.test_granmare_contract_all_article_cases" name="test_question_snippets_exist_in_contract[honbun_article_16]" time="0.000" /><testcase classname="tests.test_granmare_contract_all_article_cases" name="test_question_snippets_exist_in_contract[honbun_article_17]" time="0.000" /><testcase classname="tests.test_granmare_contract_all_article_cases" name="test_question_snippets_exist_in_contract[honbun_article_18]" time="0.000" /><testcase classname="tests.test_granmare_contract_all_article_cases" name="test_question_snippets_exist_in_contract[honbun_article_19]" time="0.000" /><testcase classname="tests.test_granmare_contract_all_article_cases" name="test_question_snippets_exist_in_contract[honbun_article_20]" time="0.000" /><testcase classname="tests.test_granmare_contract_all_article_cases" name="test_question_snippets_exist_in_contract[honbun_article_21]" time="0.000" /><testcase classname="tests.test_granmare_contract_all_article_cases" name="test_question_snippets_exist_in_contract[honbun_article_22]" time="0.000" /><testcase classname="tests.test_granmare_contract_all_article_cases" name="test_question_snippets_exist_in_contract[honbun_article_23]" time="0.000" /><testcase classname="tests.test_granmare_contract_all_article_cases" name="test_question_snippets_exist_in_contract[honbun_article_24]" time="0.000" /><testcase classname="tests.test_granmare_contract_all_article_cases" name="test_question_snippets_exist_in_contract[honbun_article_25]" time="0.000" /><testcase classname="tests.test_granmare_contract_all_article_cases" name="test_question_snippets_exist_in_contract[honbun_article_26]" time="0.000" /><testcase classname="tests.test_granmare_contract_all_article_cases" name="test_each_case_has_question_and_metadata" time="0.000" /><testcase classname="tests.test_granmare_contract_rag_keywords" name="test_granmare_contract_cases_keyword_gates" time="0.000"><skipped type="pytest.skip" message="Set RUN_CONTRACT_RAG_INTEGRATION=1 to run live RAG keyword tests">/Users/skoyama/Project/RAG_20260116/Assignment 3 - Solutions/rental_rag_poc/tests/test_granmare_contract_rag_keywords.py:58: Set RUN_CONTRACT_RAG_INTEGRATION=1 to run live RAG keyword tests</skipped></testcase><testcase classname="tests.test_granmare_important_matters_cases" name="test_fixture_has_expected_case_count" time="0.000" /><testcase classname="tests.test_granmare_important_matters_cases" name="test_fixture_has_eval_defaults" time="0.000" /><testcase classname="tests.test_granmare_important_matters_cases" name="test_question_snippets_exist_in_doc[juyo_rent]" time="0.000" /><testcase classname="tests.test_granmare_important_matters_cases" name="test_question_snippets_exist_in_doc[juyo_contract_term]" time="0.000" /><testcase classname="tests.test_granmare_important_matters_cases" name="test_question_snippets_exist_in_doc[juyo_tokuyaku_04]" time="0.000" /><testcase classname="tests.test_granmare_important_matters_cases" name="test_question_snippets_exist_in_doc[juyo_tokuyaku_02]" time="0.000" /><testcase classname="tests.test_granmare_important_matters_cases" name="test_question_snippets_exist_in_doc[juyo_tokuyaku_08]" time="0.000" /><testcase classname="tests.test_granmare_important_matters_cases" name="test_question_snippets_exist_in_doc[juyo_hazard]" time="0.000" /><testcase classname="tests.test_granmare_important_matters_cases" name="test_question_snippets_exist_in_doc[juyo_restriction]" time="0.000" /><testcase classname="tests.test_granmare_important_matters_cases" name="test_question_snippets_exist_in_doc[juyo_deposit_settlement]" time="0.000" /><testcase classname="tests.test_granmare_important_matters_cases" name="test_question_snippets_exist_in_doc[juyo_touki]" time="0.000" /><testcase classname="tests.test_granmare_important_matters_cases" name="test_question_snippets_exist_in_doc[juyo_insurance]" time="0.000" /><testcase classname="tests.test_granmare_important_matters_cases" name="test_question_snippets_exist_in_doc[juyo_internet]" time="0.000" /><testcase classname="tests.test_granmare_important_matters_cases" name="test_question_snippets_exist_in_doc[juyo_manager]" time="0.000" /><testcase classname="tests.test_granmare_important_matters_cases" name="test_each_case_has_question_and_metadata" time="0.000" /><testcase classname="tests.test_individual_contract_guard" name="test_handoff_self_rent" time="0.000" /><testcase classname="tests.test_individual_contract_guard" name="test_no_handoff_contract_source_article" time="0.000" /><testcase classname="tests.test_individual_contract_guard" name="test_no_handoff_head_tosho" time="0.000" /><testcase classname="tests.test_individual_contract_guard" name="test_handoff_ikura_chinryo_without_doc_anchor" time="0.000" /><testcase classname="tests.test_individual_contract_guard" name="test_no_handoff_ikura_chinryo_with_kiyaku" time="0.000" /><testcase classname="tests.test_individual_contract_guard" name="test_handoff_message_has_no_forbidden_substrings" time="0.000" /><testcase classname="tests.test_individual_contract_guard" name="test_flood_hazard_not_handoff_without_rent_keywords" time="0.000" /><testcase classname="tests.test_individual_contract_guard" name="test_handoff_party_name_pii" time="0.000" /><testcase classname="tests.test_individual_contract_guard" name="test_no_handoff_party_when_contract_wording" time="0.000" /><testcase classname="tests.test_individual_contract_guard" name="test_no_handoff_mokutekibutsu_document_lookup" time="0.000" /><testcase classname="tests.test_intent_precision_regression" name="test_faq_water_leak_has_negative_keywords" time="0.000" /><testcase classname="tests.test_intent_precision_regression" name="test_faq_gas_fee_has_cross_domain_negative_keywords" time="0.000" /><testcase classname="tests.test_intent_precision_regression" name="test_faq_noise_row_has_legal_negative" time="0.000" /><testcase classname="tests.test_intent_precision_regression" name="test_distinct_keyword_union_counts_once" time="0.000" /><testcase classname="tests.test_intent_precision_regression" name="test_infer_actual_route_maps_fallback" time="0.001" /><testcase classname="tests.test_intent_precision_regression" name="test_estimate_cost_usd_includes_fallback" time="0.000" /><testcase classname="tests.test_kb_fast_path" name="test_gas_fee_specific_hits" time="0.003" /><testcase classname="tests.test_kb_fast_path" name="test_gas_fault_hits" time="0.002" /><testcase classname="tests.test_kb_fast_path" name="test_gas_water_heater_no_hot_water_is_hit_not_short_clarification_loop" time="0.002" /><testcase classname="tests.test_kb_fast_path" name="test_smoking_parity" time="0.003" /><testcase classname="tests.test_kb_fast_path" name="test_gas_short_clarification" time="0.002" /><testcase classname="tests.test_kb_fast_path" name="test_certificate_short_clarification" time="0.003" /><testcase classname="tests.test_kb_fast_path" name="test_hot_water_short_phrase_is_hit" time="0.002" /><testcase classname="tests.test_kb_fast_path" name="test_certificate_full_sentence_is_hit" time="0.002" /><testcase classname="tests.test_kb_fast_path" name="test_prior_clarification_same_vague_short_repeat_stays_clarification" time="0.002" /><testcase classname="tests.test_kb_fast_path" name="test_prior_clarification_legacy_none_normalized_still_relaxes_short" time="0.002" /><testcase classname="tests.test_kb_fast_path" name="test_prior_clarification_same_intent_different_norm_hits" time="0.002" /><testcase classname="tests.test_kb_fast_path" name="test_legal_skip_misses" time="0.002" /><testcase classname="tests.test_kb_fast_path" name="test_vague_repair_question_clarifies" time="0.002" /><testcase classname="tests.test_kb_fast_path" name="test_vague_water_question_clarifies" time="0.002" /><testcase classname="tests.test_kb_fast_path" name="test_vague_contract_question_clarifies" time="0.002" /><testcase classname="tests.test_kb_fast_path" name="test_vague_renewal_question_clarifies" time="0.002" /><testcase classname="tests.test_kb_fast_path" name="test_water_billing_specific_still_hits" time="0.002" /><testcase classname="tests.test_kb_fast_path" name="test_cleaning_fee_questions_do_not_map_to_garbage_intent" time="0.003" /><testcase classname="tests.test_kb_fast_path" name="test_cleaning_fee_hits_not_city_garbage_rule_answer" time="0.003" /><testcase classname="tests.test_kb_fast_path" name="test_fast_path_disabled" time="0.002" /><testcase classname="tests.test_management_escalation" name="test_should_escalate_legal_or_monetary_judgment" time="0.000" /><testcase classname="tests.test_management_escalation" name="test_should_not_escalate_normal_faq" time="0.000" /><testcase classname="tests.test_management_escalation" name="test_should_not_escalate_eval_b_borderlines" time="0.000" /><testcase classname="tests.test_management_escalation" name="test_should_escalate_eval_d_expanded" time="0.000" /><testcase classname="tests.test_masking" name="test_mask_room_number" time="0.000" /><testcase classname="tests.test_masking" name="test_remove_pii_from_content" time="0.000" /><testcase classname="tests.test_masking" name="test_tenant_auth" time="0.001" /><testcase classname="tests.test_question_terms" name="test_extract_includes_浸水_risk_phrase" time="0.001" /><testcase classname="tests.test_question_terms" name="test_extract_includes_抵当権" time="0.000" /><testcase classname="tests.test_question_terms" name="test_stopword_only_does_not_hit" time="0.000" /><testcase classname="tests.test_question_terms" name="test_has_content_hit_when_term_in_haystack" time="0.000" /><testcase classname="tests.test_question_terms" name="test_synonym_links_浸水_to_content_with_水害" time="0.000" /><testcase classname="tests.test_question_terms" name="test_rag_default_synonym_map_has_浸水_and_抵当権" time="0.000" /><testcase classname="tests.test_question_terms" name="test_has_content_uses_rag_default_synonyms" time="0.000" /><testcase classname="tests.test_rag_contract_prompt_selection" name="test_answer_uses_contract_prompt_when_pdf_docs_present" time="0.000" /><testcase classname="tests.test_rag_contract_prompt_selection" name="test_answer_uses_default_prompt_when_non_pdf_docs" time="0.001" /><testcase classname="tests.test_rag_contract_prompt_selection" name="test_answer_uses_contract_source_qa_prompt_for_article_question" time="0.000" /><testcase classname="tests.test_rag_contract_prompt_selection" name="test_contract_source_qa_prompt_has_appendix_burden_format_rules" time="0.000" /><testcase classname="tests.test_rag_eval_utils" name="test_required_keyword_pass_any_of_one_group_matches" time="0.000" /><testcase classname="tests.test_rag_eval_utils" name="test_required_keyword_pass_any_of_no_match" time="0.000" /><testcase classname="tests.test_rag_eval_utils" name="test_required_keyword_pass_legacy_and" time="0.000" /><testcase classname="tests.test_rag_eval_utils" name="test_keyword_eval_flags_any_of" time="0.000" /><testcase classname="tests.test_rag_fallback_plan" name="test_csv_keyword_override" time="0.497" /><testcase classname="tests.test_rag_fallback_plan" name="test_fallback_message_when_no_match" time="0.131" /><testcase classname="tests.test_rag_fallback_plan" name="test_summary_only_rendering" time="0.312" /><testcase classname="tests.test_rag_fallback_plan" name="test_cache_reset_option_env" time="0.000" /><testcase classname="tests.test_rag_individual_handoff" name="test_answer_individual_handoff_before_rag" time="0.001" /><testcase classname="tests.test_rag_poc_improvements" name="test_load_eval_aliases_yaml_parses_block" time="0.002" /><testcase classname="tests.test_rag_poc_improvements" name="test_classify_match_tier" time="0.000" /><testcase classname="tests.test_rag_poc_improvements" name="test_recall_topk_covers_expected" time="0.000" /><testcase classname="tests.test_rag_poc_improvements" name="test_fact_lookup_completeness_contact_answer_not_penalized" time="0.001" /><testcase classname="tests.test_rag_poc_improvements" name="test_fact_lookup_completeness_multisentence_not_template_only" time="0.000" /><testcase classname="tests.test_rag_poc_improvements" name="test_fact_lookup_completeness_explicit_unknown_penalized" time="0.000" /><testcase classname="tests.test_rag_poc_improvements" name="test_fact_lookup_completeness_short_no_contact_penalized" time="0.000" /><testcase classname="tests.test_rag_poc_improvements" name="test_analyze_pii_policy_phone" time="0.001" /><testcase classname="tests.test_rag_poc_improvements" name="test_analyze_pii_room" time="0.001" /><testcase classname="tests.test_rag_poc_improvements" name="test_negative_keyword_penalty_applied" time="0.004" /><testcase classname="tests.test_rag_poc_improvements" name="test_eval_id_mapper_strict_vs_alias" time="0.002" /><testcase classname="tests.test_rag_relevance_guard" name="test_relevance_non_faq_no_question_terms_in_content_true" time="0.001" /><testcase classname="tests.test_rag_relevance_guard" name="test_relevance_non_faq_hits_content_false" time="0.000" /><testcase classname="tests.test_rag_relevance_guard" name="test_relevance_faq_only_skips_false" time="0.001" /><testcase classname="tests.test_rag_relevance_guard" name="test_relevance_empty_docs_true" time="0.001" /><testcase classname="tests.test_rag_relevance_guard" name="test_relevance_mixed_faq_plus_master_checks_master_leg" time="0.001" /><testcase classname="tests.test_rag_relevance_guard" name="test_relevance_config_synonym_抵当_and_競売_in_content" time="0.000" /><testcase classname="tests.test_rag_relevance_guard" name="test_relevance_config_synonym_浸水_and_水害_in_content" time="0.000" /><testcase classname="tests.test_retrieval_smoke" name="test_vector_store_manager_initialization" time="0.067" /><testcase classname="tests.test_retrieval_smoke" name="test_search_timeout" time="0.036" /><testcase classname="tests.test_run_eval_router_kpis" name="test_compute_router_kpis_a_non_rag_and_b_rag" time="0.001" /><testcase classname="tests.test_run_eval_router_kpis" name="test_compute_router_kpis_d_escalation" time="0.000" /><testcase classname="tests.test_run_eval_router_kpis" name="test_build_route_metrics_schema_v2_legacy_present" time="0.000" /><testcase classname="tests.test_run_eval_router_kpis" name="test_build_route_metrics_forced_leg_scoping_ab_compare" time="0.000" /><testcase classname="tests.test_run_eval_router_kpis" name="test_build_eval_scoping_d_forced_leg" time="0.000" /><testcase classname="tests.test_run_eval_router_kpis" name="test_infer_actual_route_fallback_used_is_fallback" time="0.000" /><testcase classname="tests.test_run_eval_router_kpis" name="test_infer_failure_tags_core_cases" time="0.000" /><testcase classname="tests.test_run_eval_router_kpis" name="test_infer_actual_route_clarification_priority" time="0.000" /></testsuite></testsuites>